<?xml version="1.0" encoding="UTF-8"?>
<testng-results skipped="0" failed="1" ignored="0" total="4" passed="3">
  <reporter-output>
  </reporter-output>
  <suite name="Suite" duration-ms="121108" started-at="2019-08-20T14:11:57Z" finished-at="2019-08-20T14:13:58Z">
    <groups>
    </groups>
    <test name="Validating User Login" duration-ms="24513" started-at="2019-08-20T14:11:57Z" finished-at="2019-08-20T14:12:22Z">
      <class name="frameWork.ValidateMenuTest">
        <test-method status="PASS" signature="initialization()[pri:0, instance:frameWork.ValidateMenuTest@1bb5a082]" name="initialization" is-config="true" duration-ms="16432" started-at="2019-08-20T14:11:57Z" finished-at="2019-08-20T14:12:14Z">
          <reporter-output>
          </reporter-output>
        </test-method> <!-- initialization -->
        <test-method status="PASS" signature="ValidateAppNavigationBar()[pri:0, instance:frameWork.ValidateMenuTest@1bb5a082]" name="ValidateAppNavigationBar" duration-ms="137" started-at="2019-08-20T14:12:14Z" finished-at="2019-08-20T14:12:14Z">
          <reporter-output>
          </reporter-output>
        </test-method> <!-- ValidateAppNavigationBar -->
        <test-method status="PASS" signature="teardown()[pri:0, instance:frameWork.ValidateMenuTest@1bb5a082]" name="teardown" is-config="true" duration-ms="7906" started-at="2019-08-20T14:12:14Z" finished-at="2019-08-20T14:12:22Z">
          <reporter-output>
          </reporter-output>
        </test-method> <!-- teardown -->
      </class> <!-- frameWork.ValidateMenuTest -->
    </test> <!-- Validating User Login -->
    <test name="Validating Title in the page" duration-ms="23318" started-at="2019-08-20T14:12:22Z" finished-at="2019-08-20T14:12:45Z">
      <class name="frameWork.ValidateTitle">
        <test-method status="PASS" signature="initialization()[pri:0, instance:frameWork.ValidateTitle@34e9fd99]" name="initialization" is-config="true" duration-ms="15351" started-at="2019-08-20T14:12:22Z" finished-at="2019-08-20T14:12:37Z">
          <reporter-output>
          </reporter-output>
        </test-method> <!-- initialization -->
        <test-method status="FAIL" signature="ValidateAppTitle()[pri:0, instance:frameWork.ValidateTitle@34e9fd99]" name="ValidateAppTitle" duration-ms="125" started-at="2019-08-20T14:12:37Z" finished-at="2019-08-20T14:12:37Z">
          <exception class="java.lang.AssertionError">
            <message>
              <![CDATA[expected [FEATURED COURSE] but found [FEATURED COURSES]]]>
            </message>
            <full-stacktrace>
              <![CDATA[java.lang.AssertionError: expected [FEATURED COURSE] but found [FEATURED COURSES]
at org.testng.Assert.fail(Assert.java:96)
at org.testng.Assert.failNotEquals(Assert.java:776)
at org.testng.Assert.assertEqualsImpl(Assert.java:137)
at org.testng.Assert.assertEquals(Assert.java:118)
at org.testng.Assert.assertEquals(Assert.java:453)
at org.testng.Assert.assertEquals(Assert.java:463)
at frameWork.ValidateTitle.ValidateAppTitle(ValidateTitle.java:32)
at sun.reflect.NativeMethodAccessorImpl.invoke0(Native Method)
at sun.reflect.NativeMethodAccessorImpl.invoke(NativeMethodAccessorImpl.java:62)
at sun.reflect.DelegatingMethodAccessorImpl.invoke(DelegatingMethodAccessorImpl.java:43)
at java.lang.reflect.Method.invoke(Method.java:498)
at org.testng.internal.MethodInvocationHelper.invokeMethod(MethodInvocationHelper.java:124)
at org.testng.internal.Invoker.invokeMethod(Invoker.java:583)
at org.testng.internal.Invoker.invokeTestMethod(Invoker.java:719)
at org.testng.internal.Invoker.invokeTestMethods(Invoker.java:989)
at org.testng.internal.TestMethodWorker.invokeTestMethods(TestMethodWorker.java:125)
at org.testng.internal.TestMethodWorker.run(TestMethodWorker.java:109)
at org.testng.TestRunner.privateRun(TestRunner.java:648)
at org.testng.TestRunner.run(TestRunner.java:505)
at org.testng.SuiteRunner.runTest(SuiteRunner.java:455)
at org.testng.SuiteRunner.runSequentially(SuiteRunner.java:450)
at org.testng.SuiteRunner.privateRun(SuiteRunner.java:415)
at org.testng.SuiteRunner.run(SuiteRunner.java:364)
at org.testng.SuiteRunnerWorker.runSuite(SuiteRunnerWorker.java:52)
at org.testng.SuiteRunnerWorker.run(SuiteRunnerWorker.java:84)
at org.testng.TestNG.runSuitesSequentially(TestNG.java:1208)
at org.testng.TestNG.runSuitesLocally(TestNG.java:1137)
at org.testng.TestNG.runSuites(TestNG.java:1049)
at org.testng.TestNG.run(TestNG.java:1017)
at org.testng.remote.AbstractRemoteTestNG.run(AbstractRemoteTestNG.java:115)
at org.testng.remote.RemoteTestNG.initAndRun(RemoteTestNG.java:251)
at org.testng.remote.RemoteTestNG.main(RemoteTestNG.java:77)
]]>
            </full-stacktrace>
          </exception> <!-- java.lang.AssertionError -->
          <reporter-output>
          </reporter-output>
        </test-method> <!-- ValidateAppTitle -->
        <test-method status="PASS" signature="teardown()[pri:0, instance:frameWork.ValidateTitle@34e9fd99]" name="teardown" is-config="true" duration-ms="7146" started-at="2019-08-20T14:12:38Z" finished-at="2019-08-20T14:12:45Z">
          <reporter-output>
          </reporter-output>
        </test-method> <!-- teardown -->
      </class> <!-- frameWork.ValidateTitle -->
    </test> <!-- Validating Title in the page -->
    <test name="App testing" duration-ms="73194" started-at="2019-08-20T14:12:45Z" finished-at="2019-08-20T14:13:58Z">
      <class name="frameWork.HomePageTest">
        <test-method status="PASS" signature="initialization()[pri:0, instance:frameWork.HomePageTest@327514f]" name="initialization" is-config="true" duration-ms="14255" started-at="2019-08-20T14:12:45Z" finished-at="2019-08-20T14:13:00Z">
          <reporter-output>
          </reporter-output>
        </test-method> <!-- initialization -->
        <test-method status="PASS" signature="basePageNavigation(java.lang.String, java.lang.String, java.lang.String)[pri:0, instance:frameWork.HomePageTest@327514f]" name="basePageNavigation" duration-ms="9696" started-at="2019-08-20T14:13:00Z" data-provider="getData" finished-at="2019-08-20T14:13:09Z">
          <params>
            <param index="0">
              <value>
                <![CDATA[nonrestricteduser@qw.com]]>
              </value>
            </param>
            <param index="1">
              <value>
                <![CDATA[qwqwqw]]>
              </value>
            </param>
            <param index="2">
              <value>
                <![CDATA[Non Restricted user]]>
              </value>
            </param>
          </params>
          <reporter-output>
          </reporter-output>
        </test-method> <!-- basePageNavigation -->
        <test-method status="PASS" signature="teardown()[pri:0, instance:frameWork.HomePageTest@327514f]" name="teardown" is-config="true" duration-ms="11972" started-at="2019-08-20T14:13:09Z" finished-at="2019-08-20T14:13:21Z">
          <reporter-output>
          </reporter-output>
        </test-method> <!-- teardown -->
        <test-method status="PASS" signature="initialization()[pri:0, instance:frameWork.HomePageTest@327514f]" name="initialization" is-config="true" duration-ms="16951" started-at="2019-08-20T14:13:21Z" finished-at="2019-08-20T14:13:38Z">
          <reporter-output>
          </reporter-output>
        </test-method> <!-- initialization -->
        <test-method status="PASS" signature="basePageNavigation(java.lang.String, java.lang.String, java.lang.String)[pri:0, instance:frameWork.HomePageTest@327514f]" name="basePageNavigation" duration-ms="8821" started-at="2019-08-20T14:13:38Z" data-provider="getData" finished-at="2019-08-20T14:13:47Z">
          <params>
            <param index="0">
              <value>
                <![CDATA[restricteduser@qw.com]]>
              </value>
            </param>
            <param index="1">
              <value>
                <![CDATA[qwqwqww]]>
              </value>
            </param>
            <param index="2">
              <value>
                <![CDATA[Restricted User]]>
              </value>
            </param>
          </params>
          <reporter-output>
          </reporter-output>
        </test-method> <!-- basePageNavigation -->
        <test-method status="PASS" signature="teardown()[pri:0, instance:frameWork.HomePageTest@327514f]" name="teardown" is-config="true" duration-ms="11481" started-at="2019-08-20T14:13:47Z" finished-at="2019-08-20T14:13:58Z">
          <reporter-output>
          </reporter-output>
        </test-method> <!-- teardown -->
      </class> <!-- frameWork.HomePageTest -->
    </test> <!-- App testing -->
  </suite> <!-- Suite -->
</testng-results>
